<?xml version="1.0" encoding="UTF-8"?>
<testng-results skipped="0" failed="0" ignored="0" total="1" passed="1">
  <reporter-output>
  </reporter-output>
  <suite name="Command line suite" duration-ms="14606" started-at="2017-04-11T01:08:36Z" finished-at="2017-04-11T01:08:50Z">
    <groups>
    </groups>
    <test name="Command line test" duration-ms="14606" started-at="2017-04-11T01:08:36Z" finished-at="2017-04-11T01:08:50Z">
      <class name="myPackage.SmokeTest">
        <test-method status="PASS" signature="loginTest()[pri:0, instance:myPackage.SmokeTest@3fb6a447]" name="loginTest" duration-ms="14575" started-at="2017-04-10T18:08:36Z" finished-at="2017-04-10T18:08:50Z">
          <reporter-output>
          </reporter-output>
        </test-method> <!-- loginTest -->
      </class> <!-- myPackage.SmokeTest -->
    </test> <!-- Command line test -->
  </suite> <!-- Command line suite -->
</testng-results>
