<?xml version="1.0" encoding="UTF-8"?>
<testng-results skipped="0" failed="0" total="1" passed="1">
  <reporter-output>
  </reporter-output>
  <suite name="MyMavenJenkinsProject" duration-ms="12559" started-at="2017-04-11T00:48:06Z" finished-at="2017-04-11T00:48:18Z">
    <groups>
    </groups>
    <test name="MyTest" duration-ms="12559" started-at="2017-04-11T00:48:06Z" finished-at="2017-04-11T00:48:18Z">
      <class name="myPackage.SmokeTest">
        <test-method status="PASS" signature="loginTest()[pri:0, instance:myPackage.SmokeTest@1fbc7afb]" name="loginTest" duration-ms="12548" started-at="2017-04-10T17:48:06Z" finished-at="2017-04-10T17:48:18Z">
          <reporter-output>
          </reporter-output>
        </test-method> <!-- loginTest -->
      </class> <!-- myPackage.SmokeTest -->
    </test> <!-- MyTest -->
  </suite> <!-- MyMavenJenkinsProject -->
</testng-results>
